Using pre-set license
Built from '2022.3/release' branch; Version is '2022.3.18f1 (d29bea25151d) revision 13802474'; Using compiler version '192829333'; Build Type 'Release'
OS: 'Windows 11  (10.0.22631) 64bit Core' Language: 'fr' Physical Memory: 16021 MB
BatchMode: 1, IsHumanControllingUs: 0, StartBugReporterOnCrash: 0, Is64bit: 1, IsPro: 1

COMMAND LINE ARGUMENTS:
C:\Program Files\Unity 2022.3.18f1\Editor\Unity.exe
-adb2
-batchMode
-noUpm
-name
AssetImportWorker6
-projectPath
C:/Users/xXSte/Desktop/CubedPrime/CubedPrime/CubedPrime
-logFile
Logs/AssetImportWorker6.log
-srvPort
50150
Successfully changed project path to: C:/Users/xXSte/Desktop/CubedPrime/CubedPrime/CubedPrime
C:/Users/xXSte/Desktop/CubedPrime/CubedPrime/CubedPrime
[UnityMemory] Configuration Parameters - Can be set up in boot.config
    "memorysetup-bucket-allocator-granularity=16"
    "memorysetup-bucket-allocator-bucket-count=8"
    "memorysetup-bucket-allocator-block-size=33554432"
    "memorysetup-bucket-allocator-block-count=8"
    "memorysetup-main-allocator-block-size=16777216"
    "memorysetup-thread-allocator-block-size=16777216"
    "memorysetup-gfx-main-allocator-block-size=16777216"
    "memorysetup-gfx-thread-allocator-block-size=16777216"
    "memorysetup-cache-allocator-block-size=4194304"
    "memorysetup-typetree-allocator-block-size=2097152"
    "memorysetup-profiler-bucket-allocator-granularity=16"
    "memorysetup-profiler-bucket-allocator-bucket-count=8"
    "memorysetup-profiler-bucket-allocator-block-size=33554432"
    "memorysetup-profiler-bucket-allocator-block-count=8"
    "memorysetup-profiler-allocator-block-size=16777216"
    "memorysetup-profiler-editor-allocator-block-size=1048576"
    "memorysetup-temp-allocator-size-main=16777216"
    "memorysetup-job-temp-allocator-block-size=2097152"
    "memorysetup-job-temp-allocator-block-size-background=1048576"
    "memorysetup-job-temp-allocator-reduction-small-platforms=262144"
    "memorysetup-allocator-temp-initial-block-size-main=262144"
    "memorysetup-allocator-temp-initial-block-size-worker=262144"
    "memorysetup-temp-allocator-size-background-worker=32768"
    "memorysetup-temp-allocator-size-job-worker=262144"
    "memorysetup-temp-allocator-size-preload-manager=33554432"
    "memorysetup-temp-allocator-size-nav-mesh-worker=65536"
    "memorysetup-temp-allocator-size-audio-worker=65536"
    "memorysetup-temp-allocator-size-cloud-worker=32768"
    "memorysetup-temp-allocator-size-gi-baking-worker=262144"
    "memorysetup-temp-allocator-size-gfx=262144"
Player connection [21176] Host "[IP] 10.9.148.235 [Port] 0 [Flags] 2 [Guid] 3803635319 [EditorId] 3803635319 [Version] 1048832 [Id] WindowsEditor(7,DESKTOP-Q7U1HGE) [Debug] 1 [PackageName] WindowsEditor [ProjectName] Editor" joined multi-casting on [225.0.0.222:54997]...

Player connection [21176] Host "[IP] 10.9.148.235 [Port] 0 [Flags] 2 [Guid] 3803635319 [EditorId] 3803635319 [Version] 1048832 [Id] WindowsEditor(7,DESKTOP-Q7U1HGE) [Debug] 1 [PackageName] WindowsEditor [ProjectName] Editor" joined alternative multi-casting on [225.0.0.222:34997]...

[Physics::Module] Initialized MultithreadedJobDispatcher with 15 workers.
Refreshing native plugins compatible for Editor in 132.89 ms, found 5 plugins.
Preloading 0 native plugins for Editor in 0.00 ms.
Initialize engine version: 2022.3.18f1 (d29bea25151d)
[Subsystems] Discovering subsystems at path C:/Program Files/Unity 2022.3.18f1/Editor/Data/Resources/UnitySubsystems
[Subsystems] Discovering subsystems at path C:/Users/xXSte/Desktop/CubedPrime/CubedPrime/CubedPrime/Assets
GfxDevice: creating device client; threaded=0; jobified=0
Direct3D:
    Version:  Direct3D 11.0 [level 11.1]
    Renderer: NVIDIA GeForce RTX 3070 Laptop GPU (ID=0x249d)
    Vendor:   NVIDIA
    VRAM:     8033 MB
    Driver:   31.0.15.4680
Initialize mono
Mono path[0] = 'C:/Program Files/Unity 2022.3.18f1/Editor/Data/Managed'
Mono path[1] = 'C:/Program Files/Unity 2022.3.18f1/Editor/Data/MonoBleedingEdge/lib/mono/unityjit-win32'
Mono config path = 'C:/Program Files/Unity 2022.3.18f1/Editor/Data/MonoBleedingEdge/etc'
Using monoOptions --debugger-agent=transport=dt_socket,embedding=1,server=y,suspend=n,address=127.0.0.1:56716
Begin MonoManager ReloadAssembly
Registering precompiled unity dll's ...
Register platform support module: C:/Program Files/Unity 2022.3.18f1/Editor/Data/PlaybackEngines/WindowsStandaloneSupport/UnityEditor.WindowsStandalone.Extensions.dll
Registered in 0.004236 seconds.
- Loaded All Assemblies, in  0.316 seconds
Native extension for WindowsStandalone target not found
Mono: successfully reloaded assembly
- Finished resetting the current domain, in  0.239 seconds
Domain Reload Profiling: 553ms
	BeginReloadAssembly (92ms)
		ExecutionOrderSort (0ms)
		DisableScriptedObjects (0ms)
		BackupInstance (0ms)
		ReleaseScriptingObjects (0ms)
		CreateAndSetChildDomain (1ms)
	RebuildCommonClasses (30ms)
	RebuildNativeTypeToScriptingClass (8ms)
	initialDomainReloadingComplete (44ms)
	LoadAllAssembliesAndSetupDomain (140ms)
		LoadAssemblies (90ms)
		RebuildTransferFunctionScriptingTraits (0ms)
		AnalyzeDomain (139ms)
			TypeCache.Refresh (137ms)
				TypeCache.ScanAssembly (125ms)
			ScanForSourceGeneratedMonoScriptInfo (0ms)
			ResolveRequiredComponents (0ms)
	FinalizeReload (239ms)
		ReleaseScriptCaches (0ms)
		RebuildScriptCaches (0ms)
		SetupLoadedEditorAssemblies (187ms)
			LogAssemblyErrors (0ms)
			InitializePlatformSupportModulesInManaged (7ms)
			SetLoadedEditorAssemblies (7ms)
			RefreshPlugins (0ms)
			BeforeProcessingInitializeOnLoad (2ms)
			ProcessInitializeOnLoadAttributes (127ms)
			ProcessInitializeOnLoadMethodAttributes (42ms)
			AfterProcessingInitializeOnLoad (0ms)
			EditorAssembliesLoaded (0ms)
		ExecutionOrderSort2 (0ms)
		AwakeInstancesAfterBackupRestoration (0ms)
========================================================================
Worker process is ready to serve import requests
Begin MonoManager ReloadAssembly
- Loaded All Assemblies, in  0.742 seconds
Refreshing native plugins compatible for Editor in 4.66 ms, found 5 plugins.
Native extension for WindowsStandalone target not found
Package Manager log level set to [2]
[Package Manager] Server::EnsureServerProcessIsRunning -- launch failed, reason: Unity was launched with the -noUpm command-line argument
[Package Manager] UpmClient::Send -- Unable to send message (not connected to UPM process).
[Package Manager] Cannot connect to Unity Package Manager local server
Mono: successfully reloaded assembly
- Finished resetting the current domain, in  0.782 seconds
Domain Reload Profiling: 1520ms
	BeginReloadAssembly (140ms)
		ExecutionOrderSort (0ms)
		DisableScriptedObjects (5ms)
		BackupInstance (0ms)
		ReleaseScriptingObjects (0ms)
		CreateAndSetChildDomain (20ms)
	RebuildCommonClasses (27ms)
	RebuildNativeTypeToScriptingClass (9ms)
	initialDomainReloadingComplete (36ms)
	LoadAllAssembliesAndSetupDomain (526ms)
		LoadAssemblies (336ms)
		RebuildTransferFunctionScriptingTraits (0ms)
		AnalyzeDomain (271ms)
			TypeCache.Refresh (231ms)
				TypeCache.ScanAssembly (158ms)
			ScanForSourceGeneratedMonoScriptInfo (30ms)
			ResolveRequiredComponents (10ms)
	FinalizeReload (782ms)
		ReleaseScriptCaches (0ms)
		RebuildScriptCaches (0ms)
		SetupLoadedEditorAssemblies (633ms)
			LogAssemblyErrors (0ms)
			InitializePlatformSupportModulesInManaged (5ms)
			SetLoadedEditorAssemblies (5ms)
			RefreshPlugins (0ms)
			BeforeProcessingInitializeOnLoad (129ms)
			ProcessInitializeOnLoadAttributes (423ms)
			ProcessInitializeOnLoadMethodAttributes (66ms)
			AfterProcessingInitializeOnLoad (4ms)
			EditorAssembliesLoaded (0ms)
		ExecutionOrderSort2 (0ms)
		AwakeInstancesAfterBackupRestoration (4ms)
Launched and connected shader compiler UnityShaderCompiler.exe after 0.06 seconds
Refreshing native plugins compatible for Editor in 4.33 ms, found 5 plugins.
Preloading 0 native plugins for Editor in 0.00 ms.
Unloading 6370 Unused Serialized files (Serialized files now loaded: 0)
Unloading 109 unused Assets / (426.1 KB). Loaded Objects now: 6827.
Memory consumption went from 241.8 MB to 241.4 MB.
Total: 4.398600 ms (FindLiveObjects: 0.651000 ms CreateObjectMapping: 0.367400 ms MarkObjects: 3.163200 ms  DeleteObjects: 0.215700 ms)

AssetImportParameters requested are different than current active one (requested -> active):
  custom:container-demuxer-ogg: 62fdf1f143b41e24485cea50d1cbac27 -> 
  custom:video-decoder-ogg-theora: a1e56fd34408186e4bbccfd4996cb3dc -> 
  custom:framework-win-MediaFoundation: 216162199b28c13a410421893ffa2e32 -> 
  custom:CustomObjectIndexerAttribute: 62b5816608c3102f162a1797e29626cf -> 
  custom:container-demuxer-webm: 4f35f7cbe854078d1ac9338744f61a02 -> 
  custom:container-muxer-webm: aa71ff27fc2769a1b78a27578f13a17b -> 
  custom:video-decoder-webm-vp8: 9c59270c3fd7afecdb556c50c9e8de78 -> 
  custom:SearchIndexIgnoredProperties: e643bd26f0fe6173181afceb89e7c659 -> 
  custom:AudioImporter_EditorPlatform: d09bf68614088b80899f8185d706f6e7 -> 
  custom:video-encoder-webm-vp8: eb34c28f22e8b96e1ab97ce403110664 -> 
  custom:audio-decoder-ogg-vorbis: bf7c407c2cedff20999df2af8eb42d56 -> 
  custom:audio-encoder-webm-vorbis: bf7c407c2cedff20999df2af8eb42d56 -> 
  custom:scripting/monoscript/fileName/GameOverManager.cs: 0f56a8035be897d9d4312b932cf2e84a -> 
========================================================================
Received Import Request.
  Time since last request: 15644.416917 seconds.
  path: Assets/Sprites/Icons/LevelEditor/SaveIcon.png
  artifactKey: Guid(528d6138c378a7e4d9053d254119d4ea) Importer(815301076,1909f56bfc062723c751e8b465ee728b)
Start importing Assets/Sprites/Icons/LevelEditor/SaveIcon.png using Guid(528d6138c378a7e4d9053d254119d4ea) Importer(815301076,1909f56bfc062723c751e8b465ee728b)  -> (artifact id: 'a648e1ee673d4117880af9318fb21224') in 0.170341 seconds
Number of updated asset objects reloaded before import = 0
Number of asset objects unloaded after import = 3
========================================================================
Received Import Request.
  Time since last request: 0.000109 seconds.
  path: Assets/Sprites/Weapons/Tome.png
  artifactKey: Guid(51438e0ceb54cab44baa794bb3ec7c0e) Importer(815301076,1909f56bfc062723c751e8b465ee728b)
Start importing Assets/Sprites/Weapons/Tome.png using Guid(51438e0ceb54cab44baa794bb3ec7c0e) Importer(815301076,1909f56bfc062723c751e8b465ee728b)  -> (artifact id: '660bb8b5a34852eaff69b13078e6e19f') in 0.027437 seconds
Number of updated asset objects reloaded before import = 0
Number of asset objects unloaded after import = 3
========================================================================
Received Import Request.
  Time since last request: 0.000060 seconds.
  path: Assets/Sprites/Icons/LevelEditor/toggle1.png
  artifactKey: Guid(3a8b23517cf321f418dd1e44a77b2b4f) Importer(815301076,1909f56bfc062723c751e8b465ee728b)
Start importing Assets/Sprites/Icons/LevelEditor/toggle1.png using Guid(3a8b23517cf321f418dd1e44a77b2b4f) Importer(815301076,1909f56bfc062723c751e8b465ee728b)  -> (artifact id: '0af17bd2676e38e22815236c59cb3da8') in 0.020558 seconds
Number of updated asset objects reloaded before import = 0
Number of asset objects unloaded after import = 3
========================================================================
Received Import Request.
  Time since last request: 0.175022 seconds.
  path: Assets/Sprites/Icons/LevelEditor/PlacementIcon.png
  artifactKey: Guid(c9d4e77d7f7aebe4fa08d44ae04d224d) Importer(815301076,1909f56bfc062723c751e8b465ee728b)
Start importing Assets/Sprites/Icons/LevelEditor/PlacementIcon.png using Guid(c9d4e77d7f7aebe4fa08d44ae04d224d) Importer(815301076,1909f56bfc062723c751e8b465ee728b)  -> (artifact id: 'f738d4d65827b7c76b70dc3650aae107') in 0.018891 seconds
Number of updated asset objects reloaded before import = 0
Number of asset objects unloaded after import = 3
========================================================================
Received Import Request.
  Time since last request: 0.003919 seconds.
  path: Assets/Sprites/Tilemaps/CubedTilemap.png
  artifactKey: Guid(5899a15a273ed474c9e54de010a52d67) Importer(815301076,1909f56bfc062723c751e8b465ee728b)
Start importing Assets/Sprites/Tilemaps/CubedTilemap.png using Guid(5899a15a273ed474c9e54de010a52d67) Importer(815301076,1909f56bfc062723c751e8b465ee728b)  -> (artifact id: '26a749e746d2e2517a8ce8907f1bdaea') in 0.055757 seconds
Number of updated asset objects reloaded before import = 0
Number of asset objects unloaded after import = 15
========================================================================
Received Import Request.
  Time since last request: 0.197540 seconds.
  path: Assets/Sprites/Icons/LevelEditor/GobalIcon.png
  artifactKey: Guid(9ceef95d3d40903429cd6a884238557a) Importer(815301076,1909f56bfc062723c751e8b465ee728b)
Start importing Assets/Sprites/Icons/LevelEditor/GobalIcon.png using Guid(9ceef95d3d40903429cd6a884238557a) Importer(815301076,1909f56bfc062723c751e8b465ee728b)  -> (artifact id: 'cd66845a51822830b02aa24a7b3fb0ae') in 0.019542 seconds
Number of updated asset objects reloaded before import = 0
Number of asset objects unloaded after import = 3
========================================================================
Received Import Request.
  Time since last request: 0.000016 seconds.
  path: Assets/NavMeshPlus/NavMeshPlus-master/Gizmos/NavMeshLink Icon.png
  artifactKey: Guid(68ad4f5d6fe957c4789aedd21ff67ced) Importer(815301076,1909f56bfc062723c751e8b465ee728b)
Start importing Assets/NavMeshPlus/NavMeshPlus-master/Gizmos/NavMeshLink Icon.png using Guid(68ad4f5d6fe957c4789aedd21ff67ced) Importer(815301076,1909f56bfc062723c751e8b465ee728b)  -> (artifact id: '3998ff8c8a8b2463961e09405a503829') in 0.025880 seconds
Number of updated asset objects reloaded before import = 0
Number of asset objects unloaded after import = 3
========================================================================
Received Import Request.
  Time since last request: 0.000017 seconds.
  path: Assets/NavMeshPlus/NavMeshPlus-master/Gizmos/NavMeshModifierVolume Icon.png
  artifactKey: Guid(273c8b5db6e39534781066db3444fe88) Importer(815301076,1909f56bfc062723c751e8b465ee728b)
Start importing Assets/NavMeshPlus/NavMeshPlus-master/Gizmos/NavMeshModifierVolume Icon.png using Guid(273c8b5db6e39534781066db3444fe88) Importer(815301076,1909f56bfc062723c751e8b465ee728b)  -> (artifact id: 'ca4e97db927e7508e19116c2b6ae2b38') in 0.033500 seconds
Number of updated asset objects reloaded before import = 0
Number of asset objects unloaded after import = 3
========================================================================
Received Import Request.
  Time since last request: 0.000049 seconds.
  path: Assets/Sprites/Weapons/minigun.png
  artifactKey: Guid(ab988fda06c744144ab9473d54d2f84b) Importer(815301076,1909f56bfc062723c751e8b465ee728b)
Start importing Assets/Sprites/Weapons/minigun.png using Guid(ab988fda06c744144ab9473d54d2f84b) Importer(815301076,1909f56bfc062723c751e8b465ee728b)  -> (artifact id: '3c8569796647a27c689a8878756a8e0f') in 0.023425 seconds
Number of updated asset objects reloaded before import = 0
Number of asset objects unloaded after import = 3
========================================================================
Received Import Request.
  Time since last request: 0.000044 seconds.
  path: Assets/Sprites/Misc/MouseSelectorSprite.png
  artifactKey: Guid(a30112b36acfe124385bdfa70ba211be) Importer(815301076,1909f56bfc062723c751e8b465ee728b)
Start importing Assets/Sprites/Misc/MouseSelectorSprite.png using Guid(a30112b36acfe124385bdfa70ba211be) Importer(815301076,1909f56bfc062723c751e8b465ee728b)  -> (artifact id: 'd6f8bef1b6b52b0aa356040c38778da0') in 0.021946 seconds
Number of updated asset objects reloaded before import = 0
Number of asset objects unloaded after import = 3
========================================================================
Received Import Request.
  Time since last request: 0.000039 seconds.
  path: Assets/Sprites/Misc/ExplosiveBarrel.png
  artifactKey: Guid(827f48fb7e3ca3a4d915ebe9827852d8) Importer(815301076,1909f56bfc062723c751e8b465ee728b)
Start importing Assets/Sprites/Misc/ExplosiveBarrel.png using Guid(827f48fb7e3ca3a4d915ebe9827852d8) Importer(815301076,1909f56bfc062723c751e8b465ee728b)  -> (artifact id: '655bca61248f768b54fd262c9dd8f4d5') in 0.024763 seconds
Number of updated asset objects reloaded before import = 0
Number of asset objects unloaded after import = 3
========================================================================
Received Import Request.
  Time since last request: 0.000042 seconds.
  path: Assets/Sprites/Boss 1/fangRight.png
  artifactKey: Guid(84983176c0d059e4e86594838868fe2b) Importer(815301076,1909f56bfc062723c751e8b465ee728b)
Start importing Assets/Sprites/Boss 1/fangRight.png using Guid(84983176c0d059e4e86594838868fe2b) Importer(815301076,1909f56bfc062723c751e8b465ee728b)  -> (artifact id: 'efd0e97e2b6f86beb4165099c87e1088') in 0.019571 seconds
Number of updated asset objects reloaded before import = 0
Number of asset objects unloaded after import = 3
========================================================================
Received Import Request.
  Time since last request: 0.000025 seconds.
  path: Assets/Sprites/Icons/Menu/MainMenuIcons3.png
  artifactKey: Guid(99c476d675e0f0148929c0fd72cda2c7) Importer(815301076,1909f56bfc062723c751e8b465ee728b)
Start importing Assets/Sprites/Icons/Menu/MainMenuIcons3.png using Guid(99c476d675e0f0148929c0fd72cda2c7) Importer(815301076,1909f56bfc062723c751e8b465ee728b)  -> (artifact id: 'd1351e661f78b332114eda7c5c9a073f') in 0.022298 seconds
Number of updated asset objects reloaded before import = 0
Number of asset objects unloaded after import = 3
========================================================================
Received Import Request.
  Time since last request: 0.000021 seconds.
  path: Assets/Sprites/Boss 1/Eye.png
  artifactKey: Guid(d336467e7dee61b43a4436878adcef46) Importer(815301076,1909f56bfc062723c751e8b465ee728b)
Start importing Assets/Sprites/Boss 1/Eye.png using Guid(d336467e7dee61b43a4436878adcef46) Importer(815301076,1909f56bfc062723c751e8b465ee728b)  -> (artifact id: '3c3bb5c985ca1e82ead031003fbcc5a3') in 0.024298 seconds
Number of updated asset objects reloaded before import = 0
Number of asset objects unloaded after import = 3
========================================================================
Received Import Request.
  Time since last request: 0.000022 seconds.
  path: Assets/Imports/Joystick Pack/Sprites/All Axis Backgrounds/AllAxis_Outline.png
  artifactKey: Guid(5b56d9fa0e8bd6e409ed188db38a692c) Importer(815301076,1909f56bfc062723c751e8b465ee728b)
Start importing Assets/Imports/Joystick Pack/Sprites/All Axis Backgrounds/AllAxis_Outline.png using Guid(5b56d9fa0e8bd6e409ed188db38a692c) Importer(815301076,1909f56bfc062723c751e8b465ee728b)  -> (artifact id: '92373c6b39e5bfe2a083fea91dbe2215') in 0.022452 seconds
Number of updated asset objects reloaded before import = 0
Number of asset objects unloaded after import = 3
========================================================================
Received Import Request.
  Time since last request: 0.000021 seconds.
  path: Assets/Sprites/Misc/BasicTile.png
  artifactKey: Guid(e17e6293cc9753249964e727338dd997) Importer(815301076,1909f56bfc062723c751e8b465ee728b)
Start importing Assets/Sprites/Misc/BasicTile.png using Guid(e17e6293cc9753249964e727338dd997) Importer(815301076,1909f56bfc062723c751e8b465ee728b)  -> (artifact id: '64f1fa05df9fd85ed1056da93491601e') in 0.023720 seconds
Number of updated asset objects reloaded before import = 0
Number of asset objects unloaded after import = 3
========================================================================
Received Import Request.
  Time since last request: 0.000028 seconds.
  path: Assets/Sprites/Icons/LevelEditor/CopyIcon.png
  artifactKey: Guid(b700c7786652f1b45a398e0a5d32c834) Importer(815301076,1909f56bfc062723c751e8b465ee728b)
Start importing Assets/Sprites/Icons/LevelEditor/CopyIcon.png using Guid(b700c7786652f1b45a398e0a5d32c834) Importer(815301076,1909f56bfc062723c751e8b465ee728b)  -> (artifact id: '765fa9e8133116770e6af67de433205c') in 0.021612 seconds
Number of updated asset objects reloaded before import = 0
Number of asset objects unloaded after import = 3
Editor requested this worker to shutdown with reason: Scaling down because of idle timeout
TcpMessagingSession - receive error: operation aborted. errorcode: 995, details: L’opération d’entrée/sortie a été abandonnée en raison de l’arrêt d’un thread ou à la demande d’une application.
AssetImportWorker is now disconnected from the server
Process exiting
Exiting without the bug reporter. Application will terminate with return code 0