Using pre-set license
Built from '2022.3/release' branch; Version is '2022.3.18f1 (d29bea25151d) revision 13802474'; Using compiler version '192829333'; Build Type 'Release'
OS: 'Windows 11  (10.0.22621) 64bit Core' Language: 'en' Physical Memory: 7975 MB
BatchMode: 1, IsHumanControllingUs: 0, StartBugReporterOnCrash: 0, Is64bit: 1, IsPro: 1

COMMAND LINE ARGUMENTS:
C:\Program Files\Unity\Hub\Editor\2022.3.18f1\Editor\Unity.exe
-adb2
-batchMode
-noUpm
-name
AssetImportWorker4
-projectPath
C:/Users/truji/OneDrive/Desktop/CST-326/CubedPrime/CubedPrime
-logFile
Logs/AssetImportWorker4.log
-srvPort
52376
Successfully changed project path to: C:/Users/truji/OneDrive/Desktop/CST-326/CubedPrime/CubedPrime
C:/Users/truji/OneDrive/Desktop/CST-326/CubedPrime/CubedPrime
[UnityMemory] Configuration Parameters - Can be set up in boot.config
    "memorysetup-bucket-allocator-granularity=16"
    "memorysetup-bucket-allocator-bucket-count=8"
    "memorysetup-bucket-allocator-block-size=33554432"
    "memorysetup-bucket-allocator-block-count=8"
    "memorysetup-main-allocator-block-size=16777216"
    "memorysetup-thread-allocator-block-size=16777216"
    "memorysetup-gfx-main-allocator-block-size=16777216"
    "memorysetup-gfx-thread-allocator-block-size=16777216"
    "memorysetup-cache-allocator-block-size=4194304"
    "memorysetup-typetree-allocator-block-size=2097152"
    "memorysetup-profiler-bucket-allocator-granularity=16"
    "memorysetup-profiler-bucket-allocator-bucket-count=8"
    "memorysetup-profiler-bucket-allocator-block-size=33554432"
    "memorysetup-profiler-bucket-allocator-block-count=8"
    "memorysetup-profiler-allocator-block-size=16777216"
    "memorysetup-profiler-editor-allocator-block-size=1048576"
    "memorysetup-temp-allocator-size-main=16777216"
    "memorysetup-job-temp-allocator-block-size=2097152"
    "memorysetup-job-temp-allocator-block-size-background=1048576"
    "memorysetup-job-temp-allocator-reduction-small-platforms=262144"
    "memorysetup-allocator-temp-initial-block-size-main=262144"
    "memorysetup-allocator-temp-initial-block-size-worker=262144"
    "memorysetup-temp-allocator-size-background-worker=32768"
    "memorysetup-temp-allocator-size-job-worker=262144"
    "memorysetup-temp-allocator-size-preload-manager=33554432"
    "memorysetup-temp-allocator-size-nav-mesh-worker=65536"
    "memorysetup-temp-allocator-size-audio-worker=65536"
    "memorysetup-temp-allocator-size-cloud-worker=32768"
    "memorysetup-temp-allocator-size-gi-baking-worker=262144"
    "memorysetup-temp-allocator-size-gfx=262144"
Player connection [27472] Host "[IP] 192.168.86.249 [Port] 0 [Flags] 2 [Guid] 1674882703 [EditorId] 1674882703 [Version] 1048832 [Id] WindowsEditor(7,LAPTOP-O6V3IHNV) [Debug] 1 [PackageName] WindowsEditor [ProjectName] Editor" joined multi-casting on [225.0.0.222:54997]...

Player connection [27472] Host "[IP] 192.168.86.249 [Port] 0 [Flags] 2 [Guid] 1674882703 [EditorId] 1674882703 [Version] 1048832 [Id] WindowsEditor(7,LAPTOP-O6V3IHNV) [Debug] 1 [PackageName] WindowsEditor [ProjectName] Editor" joined alternative multi-casting on [225.0.0.222:34997]...

[Physics::Module] Initialized MultithreadedJobDispatcher with 7 workers.
Refreshing native plugins compatible for Editor in 247.15 ms, found 5 plugins.
Preloading 0 native plugins for Editor in 0.00 ms.
Initialize engine version: 2022.3.18f1 (d29bea25151d)
[Subsystems] Discovering subsystems at path C:/Program Files/Unity/Hub/Editor/2022.3.18f1/Editor/Data/Resources/UnitySubsystems
[Subsystems] Discovering subsystems at path C:/Users/truji/OneDrive/Desktop/CST-326/CubedPrime/CubedPrime/Assets
GfxDevice: creating device client; threaded=0; jobified=0
Direct3D:
    Version:  Direct3D 11.0 [level 11.1]
    Renderer: Intel(R) Iris(R) Xe Graphics (ID=0x9a49)
    Vendor:   Intel
    VRAM:     3987 MB
    Driver:   31.0.101.4885
Initialize mono
Mono path[0] = 'C:/Program Files/Unity/Hub/Editor/2022.3.18f1/Editor/Data/Managed'
Mono path[1] = 'C:/Program Files/Unity/Hub/Editor/2022.3.18f1/Editor/Data/MonoBleedingEdge/lib/mono/unityjit-win32'
Mono config path = 'C:/Program Files/Unity/Hub/Editor/2022.3.18f1/Editor/Data/MonoBleedingEdge/etc'
Using monoOptions --debugger-agent=transport=dt_socket,embedding=1,server=y,suspend=n,address=127.0.0.1:56700
Begin MonoManager ReloadAssembly
Registering precompiled unity dll's ...
Register platform support module: C:/Program Files/Unity/Hub/Editor/2022.3.18f1/Editor/Data/PlaybackEngines/WebGLSupport/UnityEditor.WebGL.Extensions.dll
Register platform support module: C:/Program Files/Unity/Hub/Editor/2022.3.18f1/Editor/Data/PlaybackEngines/WindowsStandaloneSupport/UnityEditor.WindowsStandalone.Extensions.dll
Registered in 0.013003 seconds.
- Loaded All Assemblies, in  2.035 seconds
Native extension for WindowsStandalone target not found
Native extension for WebGL target not found
Mono: successfully reloaded assembly
- Finished resetting the current domain, in  0.367 seconds
Domain Reload Profiling: 2399ms
	BeginReloadAssembly (470ms)
		ExecutionOrderSort (0ms)
		DisableScriptedObjects (0ms)
		BackupInstance (0ms)
		ReleaseScriptingObjects (0ms)
		CreateAndSetChildDomain (2ms)
	RebuildCommonClasses (565ms)
	RebuildNativeTypeToScriptingClass (11ms)
	initialDomainReloadingComplete (78ms)
	LoadAllAssembliesAndSetupDomain (908ms)
		LoadAssemblies (462ms)
		RebuildTransferFunctionScriptingTraits (0ms)
		AnalyzeDomain (906ms)
			TypeCache.Refresh (903ms)
				TypeCache.ScanAssembly (882ms)
			ScanForSourceGeneratedMonoScriptInfo (0ms)
			ResolveRequiredComponents (1ms)
	FinalizeReload (367ms)
		ReleaseScriptCaches (0ms)
		RebuildScriptCaches (0ms)
		SetupLoadedEditorAssemblies (298ms)
			LogAssemblyErrors (0ms)
			InitializePlatformSupportModulesInManaged (11ms)
			SetLoadedEditorAssemblies (8ms)
			RefreshPlugins (0ms)
			BeforeProcessingInitializeOnLoad (2ms)
			ProcessInitializeOnLoadAttributes (191ms)
			ProcessInitializeOnLoadMethodAttributes (86ms)
			AfterProcessingInitializeOnLoad (0ms)
			EditorAssembliesLoaded (0ms)
		ExecutionOrderSort2 (0ms)
		AwakeInstancesAfterBackupRestoration (0ms)
========================================================================
Worker process is ready to serve import requests
Begin MonoManager ReloadAssembly
- Loaded All Assemblies, in  1.526 seconds
Refreshing native plugins compatible for Editor in 10.09 ms, found 5 plugins.
Native extension for WindowsStandalone target not found
Native extension for WebGL target not found
Package Manager log level set to [2]
[Package Manager] Server::EnsureServerProcessIsRunning -- launch failed, reason: Unity was launched with the -noUpm command-line argument
[Package Manager] UpmClient::Send -- Unable to send message (not connected to UPM process).
[Package Manager] Cannot connect to Unity Package Manager local server
Mono: successfully reloaded assembly
- Finished resetting the current domain, in  1.056 seconds
Domain Reload Profiling: 2580ms
	BeginReloadAssembly (253ms)
		ExecutionOrderSort (0ms)
		DisableScriptedObjects (7ms)
		BackupInstance (0ms)
		ReleaseScriptingObjects (0ms)
		CreateAndSetChildDomain (27ms)
	RebuildCommonClasses (42ms)
	RebuildNativeTypeToScriptingClass (10ms)
	initialDomainReloadingComplete (48ms)
	LoadAllAssembliesAndSetupDomain (1170ms)
		LoadAssemblies (977ms)
		RebuildTransferFunctionScriptingTraits (0ms)
		AnalyzeDomain (292ms)
			TypeCache.Refresh (230ms)
				TypeCache.ScanAssembly (204ms)
			ScanForSourceGeneratedMonoScriptInfo (46ms)
			ResolveRequiredComponents (14ms)
	FinalizeReload (1057ms)
		ReleaseScriptCaches (0ms)
		RebuildScriptCaches (0ms)
		SetupLoadedEditorAssemblies (800ms)
			LogAssemblyErrors (0ms)
			InitializePlatformSupportModulesInManaged (9ms)
			SetLoadedEditorAssemblies (7ms)
			RefreshPlugins (0ms)
			BeforeProcessingInitializeOnLoad (124ms)
			ProcessInitializeOnLoadAttributes (569ms)
			ProcessInitializeOnLoadMethodAttributes (83ms)
			AfterProcessingInitializeOnLoad (8ms)
			EditorAssembliesLoaded (0ms)
		ExecutionOrderSort2 (0ms)
		AwakeInstancesAfterBackupRestoration (5ms)
Launched and connected shader compiler UnityShaderCompiler.exe after 0.38 seconds
Refreshing native plugins compatible for Editor in 5.28 ms, found 5 plugins.
Preloading 0 native plugins for Editor in 0.00 ms.
Unloading 6359 Unused Serialized files (Serialized files now loaded: 0)
Unloading 109 unused Assets / (426.3 KB). Loaded Objects now: 6816.
Memory consumption went from 240.6 MB to 240.1 MB.
Total: 4.991800 ms (FindLiveObjects: 0.593900 ms CreateObjectMapping: 0.340400 ms MarkObjects: 3.744500 ms  DeleteObjects: 0.311300 ms)

AssetImportParameters requested are different than current active one (requested -> active):
  custom:container-demuxer-ogg: 62fdf1f143b41e24485cea50d1cbac27 -> 
  custom:video-codec-MediaFoundation-h265: 746d11721c4dcdbdad8f713fa42b33f4 -> 
  custom:video-decoder-ogg-theora: a1e56fd34408186e4bbccfd4996cb3dc -> 
  custom:framework-win-MediaFoundation: 216162199b28c13a410421893ffa2e32 -> 
  custom:CustomObjectIndexerAttribute: 62b5816608c3102f162a1797e29626cf -> 
  custom:container-demuxer-webm: 4f35f7cbe854078d1ac9338744f61a02 -> 
  custom:container-muxer-webm: aa71ff27fc2769a1b78a27578f13a17b -> 
  custom:video-decoder-webm-vp8: 9c59270c3fd7afecdb556c50c9e8de78 -> 
  custom:SearchIndexIgnoredProperties: e643bd26f0fe6173181afceb89e7c659 -> 
  custom:AudioImporter_EditorPlatform: d09bf68614088b80899f8185d706f6e7 -> 
  custom:video-encoder-webm-vp8: eb34c28f22e8b96e1ab97ce403110664 -> 
  custom:audio-decoder-ogg-vorbis: bf7c407c2cedff20999df2af8eb42d56 -> 
  custom:audio-encoder-webm-vorbis: bf7c407c2cedff20999df2af8eb42d56 -> 
========================================================================
Received Import Request.
  Time since last request: 2098053.282824 seconds.
  path: Assets/Prefabs/Enemies/BabySlime.prefab
  artifactKey: Guid(84b08e20eed143f4dbb2e37a3664e3c0) Importer(815301076,1909f56bfc062723c751e8b465ee728b)
Start importing Assets/Prefabs/Enemies/BabySlime.prefab using Guid(84b08e20eed143f4dbb2e37a3664e3c0) Importer(815301076,1909f56bfc062723c751e8b465ee728b)  -> (artifact id: 'e1d9114a72b81e6481740c6a28843a0e') in 0.440465 seconds
Number of updated asset objects reloaded before import = 0
Number of asset objects unloaded after import = 53
========================================================================
Received Import Request.
  Time since last request: 3.019409 seconds.
  path: Assets/Prefabs/Enemies/SlimeEnemy.prefab
  artifactKey: Guid(c1f174989a82d9247a42e94fe098cfc5) Importer(815301076,1909f56bfc062723c751e8b465ee728b)
Start importing Assets/Prefabs/Enemies/SlimeEnemy.prefab using Guid(c1f174989a82d9247a42e94fe098cfc5) Importer(815301076,1909f56bfc062723c751e8b465ee728b)  -> (artifact id: 'bb829707905e543eaeabfbcbe935c717') in 0.193008 seconds
Number of updated asset objects reloaded before import = 0
Number of asset objects unloaded after import = 80
========================================================================
Received Import Request.
  Time since last request: 5.867446 seconds.
  path: Packages/com.unity.2d.sprite/Editor/ObjectMenuCreation/DefaultAssets/Textures/Circle.png
  artifactKey: Guid(ebe73ca9363db456bacf42c025bb4847) Importer(815301076,1909f56bfc062723c751e8b465ee728b)
Start importing Packages/com.unity.2d.sprite/Editor/ObjectMenuCreation/DefaultAssets/Textures/Circle.png using Guid(ebe73ca9363db456bacf42c025bb4847) Importer(815301076,1909f56bfc062723c751e8b465ee728b)  -> (artifact id: 'f2ba97fa7994847a5c42580cdb8804bd') in 0.180026 seconds
Number of updated asset objects reloaded before import = 0
Number of asset objects unloaded after import = 3
========================================================================
Received Import Request.
  Time since last request: 4.794953 seconds.
  path: Assets/Prefabs/Enemies/BouncyEnemy.prefab
  artifactKey: Guid(56777ea9db4c9454085482bff867facb) Importer(815301076,1909f56bfc062723c751e8b465ee728b)
Start importing Assets/Prefabs/Enemies/BouncyEnemy.prefab using Guid(56777ea9db4c9454085482bff867facb) Importer(815301076,1909f56bfc062723c751e8b465ee728b)  -> (artifact id: 'ea9bf1797e71db6175665818e578ad6d') in 0.018704 seconds
Number of updated asset objects reloaded before import = 0
Number of asset objects unloaded after import = 52
========================================================================
Received Import Request.
  Time since last request: 11.834439 seconds.
  path: Assets/Prefabs/Enemies/HomingEnemy.prefab
  artifactKey: Guid(ca4e852c162c5174a809a37b3d939480) Importer(815301076,1909f56bfc062723c751e8b465ee728b)
Start importing Assets/Prefabs/Enemies/HomingEnemy.prefab using Guid(ca4e852c162c5174a809a37b3d939480) Importer(815301076,1909f56bfc062723c751e8b465ee728b)  -> (artifact id: '95e75a4506da9665657c9d283aa07864') in 0.022968 seconds
Number of updated asset objects reloaded before import = 0
Number of asset objects unloaded after import = 53
========================================================================
Received Import Request.
  Time since last request: 6.859953 seconds.
  path: Packages/com.unity.2d.sprite/Editor/ObjectMenuCreation/DefaultAssets/Textures/v2/Triangle.png
  artifactKey: Guid(75f5f34dc1b5347e0b8351032682f224) Importer(815301076,1909f56bfc062723c751e8b465ee728b)
Start importing Packages/com.unity.2d.sprite/Editor/ObjectMenuCreation/DefaultAssets/Textures/v2/Triangle.png using Guid(75f5f34dc1b5347e0b8351032682f224) Importer(815301076,1909f56bfc062723c751e8b465ee728b)  -> (artifact id: '0b663eddce662546832c01e2bc5293ac') in 0.036391 seconds
Number of updated asset objects reloaded before import = 0
Number of asset objects unloaded after import = 3
========================================================================
Received Import Request.
  Time since last request: 6.142367 seconds.
  path: Assets/Prefabs/Enemies/TurretEnemy.prefab
  artifactKey: Guid(3f18e0d0193e10041a598e7b23e7e411) Importer(815301076,1909f56bfc062723c751e8b465ee728b)
Start importing Assets/Prefabs/Enemies/TurretEnemy.prefab using Guid(3f18e0d0193e10041a598e7b23e7e411) Importer(815301076,1909f56bfc062723c751e8b465ee728b)  -> (artifact id: '1ec2a6a9eb6ce108ec03950490ea4517') in 0.022810 seconds
Number of updated asset objects reloaded before import = 0
Number of asset objects unloaded after import = 70
========================================================================
Received Prepare
Begin MonoManager ReloadAssembly
- Loaded All Assemblies, in  4.354 seconds
Refreshing native plugins compatible for Editor in 10.43 ms, found 5 plugins.
Native extension for WindowsStandalone target not found
Native extension for WebGL target not found
[Package Manager] Server::EnsureServerProcessIsRunning -- launch failed, reason: Unity was launched with the -noUpm command-line argument
[Package Manager] UpmClient::Send -- Unable to send message (not connected to UPM process).
[Package Manager] Cannot connect to Unity Package Manager local server
Mono: successfully reloaded assembly
- Finished resetting the current domain, in  4.989 seconds
Domain Reload Profiling: 9329ms
	BeginReloadAssembly (2294ms)
		ExecutionOrderSort (0ms)
		DisableScriptedObjects (462ms)
		BackupInstance (0ms)
		ReleaseScriptingObjects (1ms)
		CreateAndSetChildDomain (918ms)
	RebuildCommonClasses (123ms)
	RebuildNativeTypeToScriptingClass (44ms)
	initialDomainReloadingComplete (141ms)
	LoadAllAssembliesAndSetupDomain (1737ms)
		LoadAssemblies (2204ms)
		RebuildTransferFunctionScriptingTraits (0ms)
		AnalyzeDomain (152ms)
			TypeCache.Refresh (62ms)
				TypeCache.ScanAssembly (3ms)
			ScanForSourceGeneratedMonoScriptInfo (67ms)
			ResolveRequiredComponents (21ms)
	FinalizeReload (4990ms)
		ReleaseScriptCaches (0ms)
		RebuildScriptCaches (0ms)
		SetupLoadedEditorAssemblies (1514ms)
			LogAssemblyErrors (0ms)
			InitializePlatformSupportModulesInManaged (69ms)
			SetLoadedEditorAssemblies (46ms)
			RefreshPlugins (0ms)
			BeforeProcessingInitializeOnLoad (212ms)
			ProcessInitializeOnLoadAttributes (1002ms)
			ProcessInitializeOnLoadMethodAttributes (169ms)
			AfterProcessingInitializeOnLoad (13ms)
			EditorAssembliesLoaded (4ms)
		ExecutionOrderSort2 (0ms)
		AwakeInstancesAfterBackupRestoration (84ms)
Refreshing native plugins compatible for Editor in 31.02 ms, found 5 plugins.
Preloading 0 native plugins for Editor in 0.00 ms.
Unloading 6191 Unused Serialized files (Serialized files now loaded: 0)
Unloading 56 unused Assets / (395.5 KB). Loaded Objects now: 6884.
Memory consumption went from 216.5 MB to 216.1 MB.
Total: 13.182400 ms (FindLiveObjects: 0.875800 ms CreateObjectMapping: 0.668700 ms MarkObjects: 11.294600 ms  DeleteObjects: 0.340100 ms)

Prepare: number of updated asset objects reloaded= 0
AssetImportParameters requested are different than current active one (requested -> active):
  custom:container-demuxer-ogg: 62fdf1f143b41e24485cea50d1cbac27 -> 
  custom:video-codec-MediaFoundation-h265: 746d11721c4dcdbdad8f713fa42b33f4 -> 
  custom:video-decoder-ogg-theora: a1e56fd34408186e4bbccfd4996cb3dc -> 
  custom:framework-win-MediaFoundation: 216162199b28c13a410421893ffa2e32 -> 
  custom:CustomObjectIndexerAttribute: 62b5816608c3102f162a1797e29626cf -> 
  custom:container-demuxer-webm: 4f35f7cbe854078d1ac9338744f61a02 -> 
  custom:container-muxer-webm: aa71ff27fc2769a1b78a27578f13a17b -> 
  custom:video-decoder-webm-vp8: 9c59270c3fd7afecdb556c50c9e8de78 -> 
  custom:SearchIndexIgnoredProperties: e643bd26f0fe6173181afceb89e7c659 -> 
  custom:AudioImporter_EditorPlatform: d09bf68614088b80899f8185d706f6e7 -> 
  custom:video-encoder-webm-vp8: eb34c28f22e8b96e1ab97ce403110664 -> 
  custom:audio-decoder-ogg-vorbis: bf7c407c2cedff20999df2af8eb42d56 -> 
  custom:audio-encoder-webm-vorbis: bf7c407c2cedff20999df2af8eb42d56 -> 
========================================================================
Received Import Request.
  Time since last request: 383.092051 seconds.
  path: Assets/Prefabs/Weapon-Projectiles/FX/BloodFX.prefab
  artifactKey: Guid(89c19a1f2f76fc34abb184cdb20f085c) Importer(815301076,1909f56bfc062723c751e8b465ee728b)
Start importing Assets/Prefabs/Weapon-Projectiles/FX/BloodFX.prefab using Guid(89c19a1f2f76fc34abb184cdb20f085c) Importer(815301076,1909f56bfc062723c751e8b465ee728b)  -> (artifact id: 'bc597b786c5c77395a92bb0804fb459e') in 2.048279 seconds
Number of updated asset objects reloaded before import = 0
Number of asset objects unloaded after import = 24
========================================================================
Received Import Request.
  Time since last request: 0.000055 seconds.
  path: Assets/Prefabs/Weapon-Projectiles/FX/GunParticles.prefab
  artifactKey: Guid(8566f5f5ed4271d4e91576fcb4f7079a) Importer(815301076,1909f56bfc062723c751e8b465ee728b)
Start importing Assets/Prefabs/Weapon-Projectiles/FX/GunParticles.prefab using Guid(8566f5f5ed4271d4e91576fcb4f7079a) Importer(815301076,1909f56bfc062723c751e8b465ee728b)  -> (artifact id: '864741adef5fb8cf7cc2c9a6cf0f5804') in 0.041385 seconds
Number of updated asset objects reloaded before import = 0
Number of asset objects unloaded after import = 7
========================================================================
Received Import Request.
  Time since last request: 0.000049 seconds.
  path: Assets/Prefabs/Weapon-Projectiles/FX/MagicParticles.prefab
  artifactKey: Guid(07c1aa33f2a03764da1da2bf260abfb6) Importer(815301076,1909f56bfc062723c751e8b465ee728b)
Start importing Assets/Prefabs/Weapon-Projectiles/FX/MagicParticles.prefab using Guid(07c1aa33f2a03764da1da2bf260abfb6) Importer(815301076,1909f56bfc062723c751e8b465ee728b)  -> (artifact id: 'afc1d51e7f69ce7a8dd53cbadf408474') in 0.032012 seconds
Number of updated asset objects reloaded before import = 0
Number of asset objects unloaded after import = 7
========================================================================
Received Import Request.
  Time since last request: 13.064634 seconds.
  path: Assets/Prefabs/Weapon-Projectiles/Bullets/Fast Bullet.prefab
  artifactKey: Guid(23b0ae24e8c6dab40bfb1a8d66faadff) Importer(815301076,1909f56bfc062723c751e8b465ee728b)
Start importing Assets/Prefabs/Weapon-Projectiles/Bullets/Fast Bullet.prefab using Guid(23b0ae24e8c6dab40bfb1a8d66faadff) Importer(815301076,1909f56bfc062723c751e8b465ee728b)  -> (artifact id: '4e67073e38d62a57c694f65ba600806e') in 0.093519 seconds
Number of updated asset objects reloaded before import = 0
Number of asset objects unloaded after import = 22
========================================================================
Received Import Request.
  Time since last request: 0.000045 seconds.
  path: Assets/Prefabs/Weapon-Projectiles/Bullets/Standard Bullet.prefab
  artifactKey: Guid(27201929704fcd6499d8ad460a851ee9) Importer(815301076,1909f56bfc062723c751e8b465ee728b)
Start importing Assets/Prefabs/Weapon-Projectiles/Bullets/Standard Bullet.prefab using Guid(27201929704fcd6499d8ad460a851ee9) Importer(815301076,1909f56bfc062723c751e8b465ee728b)  -> (artifact id: '8bc938b7e509835cc8ca798f23c18a82') in 0.042144 seconds
Number of updated asset objects reloaded before import = 0
Number of asset objects unloaded after import = 22
========================================================================
Received Import Request.
  Time since last request: 2.555280 seconds.
  path: Assets/Prefabs/Enemies/BouncyEnemy.prefab
  artifactKey: Guid(56777ea9db4c9454085482bff867facb) Importer(815301076,1909f56bfc062723c751e8b465ee728b)
Start importing Assets/Prefabs/Enemies/BouncyEnemy.prefab using Guid(56777ea9db4c9454085482bff867facb) Importer(815301076,1909f56bfc062723c751e8b465ee728b)  -> (artifact id: 'a3edcbf067edd5e2bfc8e677a710502f') in 0.078710 seconds
Number of updated asset objects reloaded before import = 0
Number of asset objects unloaded after import = 47
========================================================================
Received Import Request.
  Time since last request: 104.436411 seconds.
  path: Assets/Materials/BGMat.mat
  artifactKey: Guid(0569a30b390fdf14e95d586474472c90) Importer(815301076,1909f56bfc062723c751e8b465ee728b)
Start importing Assets/Materials/BGMat.mat using Guid(0569a30b390fdf14e95d586474472c90) Importer(815301076,1909f56bfc062723c751e8b465ee728b)  -> (artifact id: '416a5150de86e1e579ac5be4f21984ba') in 1.032239 seconds
Number of updated asset objects reloaded before import = 0
Number of asset objects unloaded after import = 2
========================================================================
Received Import Request.
  Time since last request: 0.000136 seconds.
  path: Assets/Materials/PristineGridOrange.mat
  artifactKey: Guid(a07c30f52be991645a72f414be56068e) Importer(815301076,1909f56bfc062723c751e8b465ee728b)
Start importing Assets/Materials/PristineGridOrange.mat using Guid(a07c30f52be991645a72f414be56068e) Importer(815301076,1909f56bfc062723c751e8b465ee728b)  -> (artifact id: '528d9cdace0a5352110c9d6343869f95') in 0.267943 seconds
Number of updated asset objects reloaded before import = 0
Number of asset objects unloaded after import = 4
========================================================================
Received Import Request.
  Time since last request: 0.000077 seconds.
  path: Assets/Materials/PristineGridPurple.mat
  artifactKey: Guid(88679dfe4dbea9a41a7acbd9bf231249) Importer(815301076,1909f56bfc062723c751e8b465ee728b)
Start importing Assets/Materials/PristineGridPurple.mat using Guid(88679dfe4dbea9a41a7acbd9bf231249) Importer(815301076,1909f56bfc062723c751e8b465ee728b)  -> (artifact id: '152e4c4cf512c4e8547cd88c9f6235ca') in 0.149236 seconds
Number of updated asset objects reloaded before import = 0
Number of asset objects unloaded after import = 2
========================================================================
Received Import Request.
  Time since last request: 0.002297 seconds.
  path: Assets/Materials/PristineGridRed.mat
  artifactKey: Guid(7207aed4c41d96e47996b55453600902) Importer(815301076,1909f56bfc062723c751e8b465ee728b)
Start importing Assets/Materials/PristineGridRed.mat using Guid(7207aed4c41d96e47996b55453600902) Importer(815301076,1909f56bfc062723c751e8b465ee728b)  -> (artifact id: 'c9c5dbd23e2941b7795604628bc98cee') in 0.105088 seconds
Number of updated asset objects reloaded before import = 0
Number of asset objects unloaded after import = 2
========================================================================
Received Import Request.
  Time since last request: 0.000417 seconds.
  path: Assets/Prefabs/DeathPartcles.prefab
  artifactKey: Guid(34ca0c06f0abc5447b164f80b321fba7) Importer(815301076,1909f56bfc062723c751e8b465ee728b)
Start importing Assets/Prefabs/DeathPartcles.prefab using Guid(34ca0c06f0abc5447b164f80b321fba7) Importer(815301076,1909f56bfc062723c751e8b465ee728b)  -> (artifact id: 'a9bc9731a5f3fc839e39c1fed1b0d7e6') in 0.065635 seconds
Number of updated asset objects reloaded before import = 0
Number of asset objects unloaded after import = 7
========================================================================
Received Import Request.
  Time since last request: 0.000034 seconds.
  path: Assets/Materials/HealMat.mat
  artifactKey: Guid(0e2bcef46884aa84e98b91beccb6ce50) Importer(815301076,1909f56bfc062723c751e8b465ee728b)
Start importing Assets/Materials/HealMat.mat using Guid(0e2bcef46884aa84e98b91beccb6ce50) Importer(815301076,1909f56bfc062723c751e8b465ee728b)  -> (artifact id: 'c2a0ce5299427ff8322fb364221df2bb') in 0.051856 seconds
Number of updated asset objects reloaded before import = 0
Number of asset objects unloaded after import = 3
========================================================================
Received Import Request.
  Time since last request: 0.000034 seconds.
  path: Assets/Prefabs/MainMenu.prefab
  artifactKey: Guid(4f32caef6059c9a47893561a3bfe6f2d) Importer(815301076,1909f56bfc062723c751e8b465ee728b)
Start importing Assets/Prefabs/MainMenu.prefab using Guid(4f32caef6059c9a47893561a3bfe6f2d) Importer(815301076,1909f56bfc062723c751e8b465ee728b) Refreshing native plugins compatible for Editor in 32.62 ms, found 5 plugins.
Preloading 0 native plugins for Editor in 0.00 ms.
 -> (artifact id: '5be1be87478a5f25a4725a76dc87b0bd') in 1.544462 seconds
Number of updated asset objects reloaded before import = 0
Number of asset objects unloaded after import = 557
========================================================================
Received Import Request.
  Time since last request: 0.000081 seconds.
  path: Assets/Materials/PristineGridGreen.mat
  artifactKey: Guid(4daa35cc1837beb4891458a965c94148) Importer(815301076,1909f56bfc062723c751e8b465ee728b)
Start importing Assets/Materials/PristineGridGreen.mat using Guid(4daa35cc1837beb4891458a965c94148) Importer(815301076,1909f56bfc062723c751e8b465ee728b)  -> (artifact id: 'e680b8e4341f0d76cc8d257318aa86df') in 0.091767 seconds
Number of updated asset objects reloaded before import = 0
Number of asset objects unloaded after import = 2
========================================================================
Received Import Request.
  Time since last request: 0.000073 seconds.
  path: Assets/Prefabs/Player.prefab
  artifactKey: Guid(dfd666cf045f94739953ab746265b457) Importer(815301076,1909f56bfc062723c751e8b465ee728b)
Start importing Assets/Prefabs/Player.prefab using Guid(dfd666cf045f94739953ab746265b457) Importer(815301076,1909f56bfc062723c751e8b465ee728b)  -> (artifact id: '319c9b30959032e08c15ecde46a4f003') in 0.151335 seconds
Number of updated asset objects reloaded before import = 0
Number of asset objects unloaded after import = 74
========================================================================
Received Import Request.
  Time since last request: 0.000056 seconds.
  path: Assets/Materials/EmissivePurple.mat
  artifactKey: Guid(00301dc9a5d325941b97cf31be9b92e6) Importer(815301076,1909f56bfc062723c751e8b465ee728b)
Start importing Assets/Materials/EmissivePurple.mat using Guid(00301dc9a5d325941b97cf31be9b92e6) Importer(815301076,1909f56bfc062723c751e8b465ee728b)  -> (artifact id: '2cbdb705700c8bea64e6badee15d35de') in 0.123883 seconds
Number of updated asset objects reloaded before import = 0
Number of asset objects unloaded after import = 2
========================================================================
Received Import Request.
  Time since last request: 0.000471 seconds.
  path: Assets/Materials/Shader Graphs_GridVisualizer.mat
  artifactKey: Guid(359a7065578e28d42913253d4332949f) Importer(815301076,1909f56bfc062723c751e8b465ee728b)
Start importing Assets/Materials/Shader Graphs_GridVisualizer.mat using Guid(359a7065578e28d42913253d4332949f) Importer(815301076,1909f56bfc062723c751e8b465ee728b)  -> (artifact id: '1a67b3f889fd744ccd87f5c757535911') in 1.243209 seconds
Number of updated asset objects reloaded before import = 0
Number of asset objects unloaded after import = 3
========================================================================
Received Import Request.
  Time since last request: 0.000052 seconds.
  path: Assets/Materials/MainMenuPlaneBackground.mat
  artifactKey: Guid(2970316dc2534424d81fd20a1e02dd2e) Importer(815301076,1909f56bfc062723c751e8b465ee728b)
Start importing Assets/Materials/MainMenuPlaneBackground.mat using Guid(2970316dc2534424d81fd20a1e02dd2e) Importer(815301076,1909f56bfc062723c751e8b465ee728b)  -> (artifact id: '81c0dbc1a8ae0555df4ab620944f9190') in 0.068515 seconds
Number of updated asset objects reloaded before import = 0
Number of asset objects unloaded after import = 2
========================================================================
Received Import Request.
  Time since last request: 0.000062 seconds.
  path: Assets/Prefabs/HealParticles.prefab
  artifactKey: Guid(b162e3fd852ce69449ee7b4d038c4d27) Importer(815301076,1909f56bfc062723c751e8b465ee728b)
Start importing Assets/Prefabs/HealParticles.prefab using Guid(b162e3fd852ce69449ee7b4d038c4d27) Importer(815301076,1909f56bfc062723c751e8b465ee728b)  -> (artifact id: '5245093aba39a384e4f0f44cf5b3ca5a') in 0.075611 seconds
Number of updated asset objects reloaded before import = 0
Number of asset objects unloaded after import = 9
========================================================================
Received Import Request.
  Time since last request: 0.000062 seconds.
  path: Assets/Materials/EmissiveYellow.mat
  artifactKey: Guid(7fc6f805362d20247ac90b211f6ef17d) Importer(815301076,1909f56bfc062723c751e8b465ee728b)
Start importing Assets/Materials/EmissiveYellow.mat using Guid(7fc6f805362d20247ac90b211f6ef17d) Importer(815301076,1909f56bfc062723c751e8b465ee728b)  -> (artifact id: 'dfbebf3e394153c2f1999ec20606ae59') in 0.050126 seconds
Number of updated asset objects reloaded before import = 0
Number of asset objects unloaded after import = 2
========================================================================
Received Import Request.
  Time since last request: 0.000046 seconds.
  path: Assets/Materials/PristineGridBlue.mat
  artifactKey: Guid(acec1971856dda548894e4df4f051071) Importer(815301076,1909f56bfc062723c751e8b465ee728b)
Start importing Assets/Materials/PristineGridBlue.mat using Guid(acec1971856dda548894e4df4f051071) Importer(815301076,1909f56bfc062723c751e8b465ee728b)  -> (artifact id: '4267ef6d5b7af832f1c69f31d3ec1d65') in 0.047453 seconds
Number of updated asset objects reloaded before import = 0
Number of asset objects unloaded after import = 3
========================================================================
Received Import Request.
  Time since last request: 0.000032 seconds.
  path: Assets/Materials/EmissiveRed.mat
  artifactKey: Guid(f4f27d9f820004b4789c36212273ae99) Importer(815301076,1909f56bfc062723c751e8b465ee728b)
Start importing Assets/Materials/EmissiveRed.mat using Guid(f4f27d9f820004b4789c36212273ae99) Importer(815301076,1909f56bfc062723c751e8b465ee728b)  -> (artifact id: '4a4e06f02a84d69eeb8e7f4d496faf66') in 0.072936 seconds
Number of updated asset objects reloaded before import = 0
Number of asset objects unloaded after import = 2
========================================================================
Received Import Request.
  Time since last request: 0.000044 seconds.
  path: Assets/Prefabs/Body.prefab
  artifactKey: Guid(789df7e7e9de3b843b821ae0f9f8e14c) Importer(815301076,1909f56bfc062723c751e8b465ee728b)
Start importing Assets/Prefabs/Body.prefab using Guid(789df7e7e9de3b843b821ae0f9f8e14c) Importer(815301076,1909f56bfc062723c751e8b465ee728b)  -> (artifact id: 'c290032cd4f84efadf82d3e8f5d95327') in 0.092471 seconds
Number of updated asset objects reloaded before import = 0
Number of asset objects unloaded after import = 54
========================================================================
Received Import Request.
  Time since last request: 0.000742 seconds.
  path: Assets/Prefabs/WormBoss.prefab
  artifactKey: Guid(9469cef934e37ca4ab5489da60b5bbae) Importer(815301076,1909f56bfc062723c751e8b465ee728b)
Start importing Assets/Prefabs/WormBoss.prefab using Guid(9469cef934e37ca4ab5489da60b5bbae) Importer(815301076,1909f56bfc062723c751e8b465ee728b)  -> (artifact id: '86bdd5afa811ff4f2733d3de736364b8') in 0.106408 seconds
Number of updated asset objects reloaded before import = 0
Number of asset objects unloaded after import = 449
========================================================================
Received Import Request.
  Time since last request: 0.000060 seconds.
  path: Assets/Prefabs/Tail.prefab
  artifactKey: Guid(29b39fd6449279641aca2624bc0e3955) Importer(815301076,1909f56bfc062723c751e8b465ee728b)
Start importing Assets/Prefabs/Tail.prefab using Guid(29b39fd6449279641aca2624bc0e3955) Importer(815301076,1909f56bfc062723c751e8b465ee728b)  -> (artifact id: '4229b34419d040aea1291b7f92d5a8ad') in 0.066938 seconds
Number of updated asset objects reloaded before import = 0
Number of asset objects unloaded after import = 65
========================================================================
Received Import Request.
  Time since last request: 0.000075 seconds.
  path: Assets/Materials/Skybox.mat
  artifactKey: Guid(2b67037e5550f7e4eaf214e08f01b2da) Importer(815301076,1909f56bfc062723c751e8b465ee728b)
Start importing Assets/Materials/Skybox.mat using Guid(2b67037e5550f7e4eaf214e08f01b2da) Importer(815301076,1909f56bfc062723c751e8b465ee728b)  -> (artifact id: 'dac2814236e4062eb92679fd7982bdf0') in 2.178796 seconds
Number of updated asset objects reloaded before import = 0
Number of asset objects unloaded after import = 3
